<?xml version="1.0" encoding="UTF-8"?>
<testsuite xmlns:xsi="http://www.w3.org/2001/XMLSchema-instance" xsi:noNamespaceSchemaLocation="https://maven.apache.org/surefire/maven-surefire-plugin/xsd/surefire-test-report.xsd" name="TestRunner" time="14.662" tests="4" errors="0" skipped="0" failures="0">
  <properties>
[...]
</properties>
  <testcase name="Given Eu busco por selenium ide &quot;selenium ide&quot;" classname="| selenium ide |" time="0.001"/>
  <testcase name="When Acesso a página da extensão Selenium IDE" classname="| selenium ide |" time="0"/>
  <testcase name="Then Efetuo a validação da versão da IDE" classname="| selenium ide |" time="0"/>
  <testcase name="| selenium ide |" classname="| selenium ide |" time="0.07"/>
</testsuite>